<?xml version="1.0" encoding="UTF-8"?>
<!-- Generated by org.testng.reporters.JUnitReportReporter -->
<testsuite hostname="DESKTOP-I8E442A" failures="0" tests="1" name="testCases.TC_002_LoginTest" time="3.229" errors="0" timestamp="2024-02-26T13:22:11 IST" skipped="0">
  <testcase classname="testCases.TC_002_LoginTest" name="verify_login" time="3.229"/>
</testsuite> <!-- testCases.TC_002_LoginTest -->
