<?xml version="1.0" encoding="UTF-8"?>
<!-- Generated by org.testng.reporters.JUnitReportReporter -->
<testsuite hostname="DESKTOP-I8E442A" failures="0" tests="5" name="testCases.TC_003_LoginDDT" time="39.405" errors="0" timestamp="2024-02-23T13:20:19 IST" skipped="0">
  <testcase classname="testCases.TC_003_LoginDDT" name="verify_loginDDT" time="2.775"/>
  <testcase classname="testCases.TC_003_LoginDDT" name="verify_loginDDT" time="11.361"/>
  <testcase classname="testCases.TC_003_LoginDDT" name="verify_loginDDT" time="2.667"/>
  <testcase classname="testCases.TC_003_LoginDDT" name="verify_loginDDT" time="11.312"/>
  <testcase classname="testCases.TC_003_LoginDDT" name="verify_loginDDT" time="11.290"/>
</testsuite> <!-- testCases.TC_003_LoginDDT -->
