<?xml version="1.0" encoding="UTF-8"?>
<!-- Generated by org.testng.reporters.JUnitReportReporter -->
<testsuite hostname="DESKTOP-I8E442A" failures="0" tests="1" name="testCases.TC_001_AccountRegistrationTest" time="3.246" errors="0" timestamp="2024-02-27T17:49:44 IST" skipped="0">
  <testcase classname="testCases.TC_001_AccountRegistrationTest" name="Verify_AccountRegistration" time="3.246"/>
</testsuite> <!-- testCases.TC_001_AccountRegistrationTest -->
